[01m[K/home/zhuxz/code/learn/matrix/test/pubtf/src/handeyetf/src/main.cpp:[m[K In function â€˜[01m[Kvoid send_opendoor_tf(float, float, float, float, float, float, const string&, const string&)[m[Kâ€™:
[01m[K/home/zhuxz/code/learn/matrix/test/pubtf/src/handeyetf/src/main.cpp:8:5:[m[K [01;31m[Kerror: [m[Kâ€˜[01m[Ktf[m[Kâ€™ has not been declared
     [01;31m[Ktf[m[K::Transform transform;
     [01;31m[K^~[m[K
[01m[K/home/zhuxz/code/learn/matrix/test/pubtf/src/handeyetf/src/main.cpp:9:15:[m[K [01;31m[Kerror: [m[Koverloaded function with no contextual type information
     transform.[01;31m[KsetOrigin[m[K(tf::Vector3(x, y, z));
               [01;31m[K^~~~~~~~~[m[K
[01m[K/home/zhuxz/code/learn/matrix/test/pubtf/src/handeyetf/src/main.cpp:9:25:[m[K [01;31m[Kerror: [m[Kâ€˜[01m[Ktf[m[Kâ€™ has not been declared
     transform.setOrigin([01;31m[Ktf[m[K::Vector3(x, y, z));
                         [01;31m[K^~[m[K
[01m[K/home/zhuxz/code/learn/matrix/test/pubtf/src/handeyetf/src/main.cpp:11:5:[m[K [01;31m[Kerror: [m[Kâ€˜[01m[Ktf[m[Kâ€™ has not been declared
     [01;31m[Ktf[m[K::Quaternion q;
     [01;31m[K^~[m[K
[01m[K/home/zhuxz/code/learn/matrix/test/pubtf/src/handeyetf/src/main.cpp:12:5:[m[K [01;31m[Kerror: [m[Kâ€˜[01m[Kq[m[Kâ€™ was not declared in this scope
     [01;31m[Kq[m[K.setRPY(roll, pitch, yall);
     [01;31m[K^[m[K
[01m[K/home/zhuxz/code/learn/matrix/test/pubtf/src/handeyetf/src/main.cpp:14:15:[m[K [01;31m[Kerror: [m[Koverloaded function with no contextual type information
     transform.[01;31m[KsetRotation[m[K(q);
               [01;31m[K^~~~~~~~~~~[m[K
[01m[K/home/zhuxz/code/learn/matrix/test/pubtf/src/handeyetf/src/main.cpp:17:5:[m[K [01;31m[Kerror: [m[Kâ€˜[01m[Kbr[m[Kâ€™ was not declared in this scope
     [01;31m[Kbr[m[K.sendTransform(tf::StampedTransform(transform, ros::Time::now(), frame_id, child_frame_id));
     [01;31m[K^~[m[K
[01m[K/home/zhuxz/code/learn/matrix/test/pubtf/src/handeyetf/src/main.cpp:17:5:[m[K [01;36m[Knote: [m[Ksuggested alternative: â€˜[01m[Kbrk[m[Kâ€™
     [01;36m[Kbr[m[K.sendTransform(tf::StampedTransform(transform, ros::Time::now(), frame_id, child_frame_id));
     [01;36m[K^~[m[K
     [32m[Kbrk[m[K
[01m[K/home/zhuxz/code/learn/matrix/test/pubtf/src/handeyetf/src/main.cpp:17:22:[m[K [01;31m[Kerror: [m[Kâ€˜[01m[Ktf[m[Kâ€™ has not been declared
     br.sendTransform([01;31m[Ktf[m[K::StampedTransform(transform, ros::Time::now(), frame_id, child_frame_id));
                      [01;31m[K^~[m[K
make[2]: *** [CMakeFiles/handeyetf.dir/src/main.cpp.o] Error 1
make[1]: *** [CMakeFiles/handeyetf.dir/all] Error 2
make: *** [all] Error 2
